<?xml version="1.0" encoding="UTF-8"?>
<testsuite name="com.suah.book.springboot.domain.posts.PostsRepositoryTest" tests="2" skipped="0" failures="0" errors="0" timestamp="2021-10-30T08:21:30" hostname="DESKTOP-L8SIQSL" time="0.207">
  <properties/>
  <testcase name="게시글저장_불러오기" classname="com.suah.book.springboot.domain.posts.PostsRepositoryTest" time="0.2"/>
  <testcase name="BaseTimeEntity_등록" classname="com.suah.book.springboot.domain.posts.PostsRepositoryTest" time="0.007"/>
  <system-out><![CDATA[2021-10-30 17:21:25.512  INFO 28744 --- [    Test worker] .b.t.c.SpringBootTestContextBootstrapper : Neither @ContextConfiguration nor @ContextHierarchy found for test class [com.suah.book.springboot.domain.posts.PostsRepositoryTest], using SpringBootContextLoader
2021-10-30 17:21:25.513  INFO 28744 --- [    Test worker] o.s.t.c.support.AbstractContextLoader    : Could not detect default resource locations for test class [com.suah.book.springboot.domain.posts.PostsRepositoryTest]: no resource found for suffixes {-context.xml, Context.groovy}.
2021-10-30 17:21:25.513  INFO 28744 --- [    Test worker] t.c.s.AnnotationConfigContextLoaderUtils : Could not detect default configuration classes for test class [com.suah.book.springboot.domain.posts.PostsRepositoryTest]: PostsRepositoryTest does not declare any static, non-private, non-final, nested classes annotated with @Configuration.
2021-10-30 17:21:25.521  INFO 28744 --- [    Test worker] .b.t.c.SpringBootTestContextBootstrapper : Found @SpringBootConfiguration com.suah.book.springboot.Application for test class com.suah.book.springboot.domain.posts.PostsRepositoryTest
2021-10-30 17:21:25.523  INFO 28744 --- [    Test worker] .b.t.c.SpringBootTestContextBootstrapper : Loaded default TestExecutionListener class names from location [META-INF/spring.factories]: [org.springframework.security.test.context.support.WithSecurityContextTestExecutionListener, org.springframework.security.test.context.support.ReactorContextTestExecutionListener, org.springframework.boot.test.autoconfigure.restdocs.RestDocsTestExecutionListener, org.springframework.boot.test.autoconfigure.web.client.MockRestServiceServerResetTestExecutionListener, org.springframework.boot.test.autoconfigure.web.servlet.MockMvcPrintOnlyOnFailureTestExecutionListener, org.springframework.boot.test.autoconfigure.web.servlet.WebDriverTestExecutionListener, org.springframework.boot.test.mock.mockito.MockitoTestExecutionListener, org.springframework.boot.test.mock.mockito.ResetMocksTestExecutionListener, org.springframework.test.context.web.ServletTestExecutionListener, org.springframework.test.context.support.DirtiesContextBeforeModesTestExecutionListener, org.springframework.test.context.support.DependencyInjectionTestExecutionListener, org.springframework.test.context.support.DirtiesContextTestExecutionListener, org.springframework.test.context.transaction.TransactionalTestExecutionListener, org.springframework.test.context.jdbc.SqlScriptsTestExecutionListener]
2021-10-30 17:21:25.525  INFO 28744 --- [    Test worker] .b.t.c.SpringBootTestContextBootstrapper : Using TestExecutionListeners: [org.springframework.test.context.web.ServletTestExecutionListener@7237db88, org.springframework.test.context.support.DirtiesContextBeforeModesTestExecutionListener@23939fee, org.springframework.boot.test.mock.mockito.MockitoTestExecutionListener@b58686c, org.springframework.boot.test.autoconfigure.SpringBootDependencyInjectionTestExecutionListener@3ab26303, org.springframework.test.context.support.DirtiesContextTestExecutionListener@76950446, org.springframework.test.context.transaction.TransactionalTestExecutionListener@49c68995, org.springframework.test.context.jdbc.SqlScriptsTestExecutionListener@19593c9, org.springframework.security.test.context.support.WithSecurityContextTestExecutionListener@28164283, org.springframework.security.test.context.support.ReactorContextTestExecutionListener@767fc4f3, org.springframework.boot.test.autoconfigure.restdocs.RestDocsTestExecutionListener@b887188, org.springframework.boot.test.autoconfigure.web.client.MockRestServiceServerResetTestExecutionListener@262eb0eb, org.springframework.boot.test.autoconfigure.web.servlet.MockMvcPrintOnlyOnFailureTestExecutionListener@3cb6ecf7, org.springframework.boot.test.autoconfigure.web.servlet.WebDriverTestExecutionListener@34e6ffce, org.springframework.boot.test.mock.mockito.ResetMocksTestExecutionListener@7c2adceb]

  .   ____          _            __ _ _
 /\\ / ___'_ __ _ _(_)_ __  __ _ \ \ \ \
( ( )\___ | '_ | '_| | '_ \/ _` | \ \ \ \
 \\/  ___)| |_)| | | | | || (_| |  ) ) ) )
  '  |____| .__|_| |_|_| |_\__, | / / / /
 =========|_|==============|___/=/_/_/_/
 :: Spring Boot ::        (v2.1.7.RELEASE)

2021-10-30 17:21:25.551  INFO 28744 --- [    Test worker] c.s.b.s.d.posts.PostsRepositoryTest      : Starting PostsRepositoryTest on DESKTOP-L8SIQSL with PID 28744 (started by 강수아 in C:\Users\강수아\Documents\GitHub\2021-02-Spring-Study\강수아\freelec-springboot2-webservice)
2021-10-30 17:21:25.551  INFO 28744 --- [    Test worker] c.s.b.s.d.posts.PostsRepositoryTest      : No active profile set, falling back to default profiles: default
2021-10-30 17:21:26.022  INFO 28744 --- [    Test worker] .s.d.r.c.RepositoryConfigurationDelegate : Bootstrapping Spring Data repositories in DEFAULT mode.
2021-10-30 17:21:26.097  INFO 28744 --- [    Test worker] .s.d.r.c.RepositoryConfigurationDelegate : Finished Spring Data repository scanning in 66ms. Found 2 repository interfaces.
2021-10-30 17:21:26.356  INFO 28744 --- [    Test worker] trationDelegate$BeanPostProcessorChecker : Bean 'org.springframework.transaction.annotation.ProxyTransactionManagementConfiguration' of type [org.springframework.transaction.annotation.ProxyTransactionManagementConfiguration$$EnhancerBySpringCGLIB$$c1d31095] is not eligible for getting processed by all BeanPostProcessors (for example: not eligible for auto-proxying)
2021-10-30 17:21:26.523  INFO 28744 --- [    Test worker] com.zaxxer.hikari.HikariDataSource       : HikariPool-1 - Starting...
2021-10-30 17:21:26.698  INFO 28744 --- [    Test worker] com.zaxxer.hikari.HikariDataSource       : HikariPool-1 - Start completed.
2021-10-30 17:21:26.798  INFO 28744 --- [    Test worker] o.hibernate.jpa.internal.util.LogHelper  : HHH000204: Processing PersistenceUnitInfo [
	name: default
	...]
2021-10-30 17:21:26.898  INFO 28744 --- [    Test worker] org.hibernate.Version                    : HHH000412: Hibernate Core {5.3.10.Final}
2021-10-30 17:21:26.900  INFO 28744 --- [    Test worker] org.hibernate.cfg.Environment            : HHH000206: hibernate.properties not found
2021-10-30 17:21:26.973  INFO 28744 --- [    Test worker] o.hibernate.annotations.common.Version   : HCANN000001: Hibernate Commons Annotations {5.0.4.Final}
2021-10-30 17:21:27.183  INFO 28744 --- [    Test worker] org.hibernate.dialect.Dialect            : HHH000400: Using dialect: org.hibernate.dialect.MySQL5InnoDBDialect
Hibernate: drop table if exists posts
Hibernate: drop table if exists user
Hibernate: create table posts (id bigint not null auto_increment, created_date datetime, modified_date datetime, author varchar(255), content TEXT not null, title varchar(500) not null, primary key (id)) engine=InnoDB
Hibernate: create table user (id bigint not null auto_increment, created_date datetime, modified_date datetime, email varchar(255) not null, name varchar(255) not null, picture varchar(255), role varchar(255) not null, primary key (id)) engine=InnoDB
2021-10-30 17:21:28.064  INFO 28744 --- [    Test worker] o.h.t.schema.internal.SchemaCreatorImpl  : HHH000476: Executing import script 'org.hibernate.tool.schema.internal.exec.ScriptSourceInputNonExistentImpl@238b5ca5'
2021-10-30 17:21:28.068  INFO 28744 --- [    Test worker] j.LocalContainerEntityManagerFactoryBean : Initialized JPA EntityManagerFactory for persistence unit 'default'
2021-10-30 17:21:28.696  INFO 28744 --- [    Test worker] o.h.h.i.QueryTranslatorFactoryInitiator  : HHH000397: Using ASTQueryTranslatorFactory
2021-10-30 17:21:29.080  INFO 28744 --- [    Test worker] o.s.s.web.DefaultSecurityFilterChain     : Creating filter chain: any request, [org.springframework.security.web.context.request.async.WebAsyncManagerIntegrationFilter@1c0e2a83, org.springframework.security.web.context.SecurityContextPersistenceFilter@5fa517ca, org.springframework.security.web.header.HeaderWriterFilter@1967df61, org.springframework.security.web.authentication.logout.LogoutFilter@67a34ce8, org.springframework.security.oauth2.client.web.OAuth2AuthorizationRequestRedirectFilter@2a731488, org.springframework.security.oauth2.client.web.OAuth2LoginAuthenticationFilter@260db5f, org.springframework.security.web.authentication.ui.DefaultLoginPageGeneratingFilter@10cf027c, org.springframework.security.web.authentication.ui.DefaultLogoutPageGeneratingFilter@1218383, org.springframework.security.web.savedrequest.RequestCacheAwareFilter@a279bb5, org.springframework.security.web.servletapi.SecurityContextHolderAwareRequestFilter@2d1cc147, org.springframework.security.web.authentication.AnonymousAuthenticationFilter@59f0adb, org.springframework.security.web.session.SessionManagementFilter@442f2830, org.springframework.security.web.access.ExceptionTranslationFilter@7d15085b, org.springframework.security.web.access.intercept.FilterSecurityInterceptor@78aaaabd]
2021-10-30 17:21:29.473  INFO 28744 --- [    Test worker] o.s.s.concurrent.ThreadPoolTaskExecutor  : Initializing ExecutorService 'applicationTaskExecutor'
2021-10-30 17:21:29.496  WARN 28744 --- [    Test worker] aWebConfiguration$JpaWebMvcConfiguration : spring.jpa.open-in-view is enabled by default. Therefore, database queries may be performed during view rendering. Explicitly configure spring.jpa.open-in-view to disable this warning
2021-10-30 17:21:29.529  INFO 28744 --- [    Test worker] o.s.b.a.w.s.WelcomePageHandlerMapping    : Adding welcome page template: index
2021-10-30 17:21:30.050  INFO 28744 --- [    Test worker] s.a.ScheduledAnnotationBeanPostProcessor : No TaskScheduler/ScheduledExecutorService bean found for scheduled processing
2021-10-30 17:21:30.061  INFO 28744 --- [    Test worker] c.s.b.s.d.posts.PostsRepositoryTest      : Started PostsRepositoryTest in 4.535 seconds (JVM running for 8.666)
Hibernate: insert into posts (created_date, modified_date, author, content, title) values (?, ?, ?, ?, ?)
Hibernate: select posts0_.id as id1_0_, posts0_.created_date as created_2_0_, posts0_.modified_date as modified3_0_, posts0_.author as author4_0_, posts0_.content as content5_0_, posts0_.title as title6_0_ from posts posts0_
Hibernate: select posts0_.id as id1_0_, posts0_.created_date as created_2_0_, posts0_.modified_date as modified3_0_, posts0_.author as author4_0_, posts0_.content as content5_0_, posts0_.title as title6_0_ from posts posts0_
Hibernate: delete from posts where id=?
Hibernate: insert into posts (created_date, modified_date, author, content, title) values (?, ?, ?, ?, ?)
Hibernate: select posts0_.id as id1_0_, posts0_.created_date as created_2_0_, posts0_.modified_date as modified3_0_, posts0_.author as author4_0_, posts0_.content as content5_0_, posts0_.title as title6_0_ from posts posts0_
>>>>>>>>>> createDate = 2021-10-30T17:21:30.269, modifiedDate = 2021-10-30T17:21:30.269
Hibernate: select posts0_.id as id1_0_, posts0_.created_date as created_2_0_, posts0_.modified_date as modified3_0_, posts0_.author as author4_0_, posts0_.content as content5_0_, posts0_.title as title6_0_ from posts posts0_
Hibernate: delete from posts where id=?
]]></system-out>
  <system-err><![CDATA[]]></system-err>
</testsuite>
